<?xml version="1.0" encoding="UTF-8"?>
<testng-results skipped="0" failed="0" total="1" passed="1">
  <reporter-output>
  </reporter-output>
  <suite name="Default suite" duration-ms="33000" started-at="2021-03-26T11:25:07Z" finished-at="2021-03-26T11:25:40Z">
    <groups>
    </groups>
    <test name="Default test" duration-ms="33000" started-at="2021-03-26T11:25:07Z" finished-at="2021-03-26T11:25:40Z">
      <class name="hackthone.hackthone.validatelaunch">
        <test-method status="PASS" signature="login()[pri:0, instance:hackthone.hackthone.validatelaunch@18be83e4]" name="login" duration-ms="32844" started-at="2021-03-26T16:55:07Z" finished-at="2021-03-26T16:55:39Z">
          <reporter-output>
          </reporter-output>
        </test-method> <!-- login -->
      </class> <!-- hackthone.hackthone.validatelaunch -->
    </test> <!-- Default test -->
  </suite> <!-- Default suite -->
</testng-results>
